mode: set
big-file-read/chunk-reader-writer.go:45.60,51.2 1 0
big-file-read/chunk-reader-writer.go:55.42,60.16 3 0
big-file-read/chunk-reader-writer.go:60.16,62.3 1 0
big-file-read/chunk-reader-writer.go:63.2,64.13 2 0
big-file-read/chunk-reader-writer.go:71.3,74.25 1 0
big-file-read/chunk-reader-writer.go:74.25,76.3 1 0
big-file-read/chunk-reader-writer.go:80.2,80.25 1 0
big-file-read/chunk-reader-writer.go:80.25,82.21 2 0
big-file-read/chunk-reader-writer.go:82.21,86.4 3 0
big-file-read/chunk-reader-writer.go:87.3,87.59 1 0
big-file-read/chunk-reader-writer.go:92.2,92.15 1 0
big-file-read/chunk-reader-writer.go:92.15,95.17 3 0
big-file-read/chunk-reader-writer.go:95.17,97.4 1 0
big-file-read/chunk-reader-writer.go:98.3,99.17 2 0
big-file-read/chunk-reader-writer.go:99.17,101.4 1 0
big-file-read/chunk-reader-writer.go:105.2,107.6 2 0
big-file-read/chunk-reader-writer.go:107.6,108.10 1 0
big-file-read/chunk-reader-writer.go:111.21,125.14 5 0
big-file-read/chunk-reader-writer.go:128.24,135.14 4 0
big-file-read/chunk-reader-writer.go:137.11,138.36 1 0
big-file-read/chunk-reader-writer.go:138.36,141.13 3 0
big-file-read/chunk-reader-writer.go:142.10,142.24 1 0
big-file-read/chunk-reader-writer.go:142.24,147.19 3 0
big-file-read/chunk-reader-writer.go:147.19,149.16 2 0
big-file-read/chunk-reader-writer.go:153.5,153.47 1 0
big-file-read/chunk-reader-writer.go:153.47,155.6 1 0
big-file-read/chunk-reader-writer.go:160.5,161.19 2 0
big-file-read/chunk-reader-writer.go:161.19,167.6 2 0
big-file-read/chunk-reader-writer.go:169.5,173.22 5 0
big-file-read/chunk-reader-writer.go:177.2,177.78 1 0
big-file-read/chunk-reader-writer.go:180.64,187.43 4 1
big-file-read/chunk-reader-writer.go:187.43,190.3 2 1
big-file-read/chunk-reader-writer.go:194.2,194.28 1 1
big-file-read/chunk-reader-writer.go:194.28,197.13 3 1
big-file-read/chunk-reader-writer.go:197.13,199.4 1 1
big-file-read/chunk-reader-writer.go:200.3,200.9 1 1
big-file-read/chunk-reader-writer.go:203.2,203.12 1 1
big-file-read/chunk-reader-writer.go:203.12,206.3 2 1
big-file-read/chunk-reader-writer.go:208.2,210.26 3 1
big-file-read/chunk-reader-writer.go:213.38,219.16 4 1
big-file-read/chunk-reader-writer.go:219.16,222.3 2 1
big-file-read/chunk-reader-writer.go:224.2,224.34 1 1
big-file-read/chunk-reader-writer.go:224.34,227.3 2 0
big-file-read/chunk-reader-writer.go:229.2,230.27 2 1
big-file-read/main.go:13.13,23.44 6 0
big-file-read/main.go:23.44,25.3 1 0
big-file-read/main.go:33.49,35.16 2 0
big-file-read/main.go:35.16,39.3 3 0
big-file-read/main.go:41.2,50.3 2 0
big-file-read/main.go:53.49,55.9 2 0
big-file-read/main.go:55.9,61.3 2 0
big-file-read/main.go:62.2,62.23 1 0
big-file-read/main.go:62.23,73.3 2 0
big-file-read/main.go:74.2,74.27 1 0
big-file-read/main.go:74.27,76.3 1 0
