mode: set
big-file-read/chunk-reader-writer.go:45.60,51.2 1 0
big-file-read/chunk-reader-writer.go:55.42,60.16 3 0
big-file-read/chunk-reader-writer.go:60.16,62.3 1 0
big-file-read/chunk-reader-writer.go:63.2,64.13 2 0
big-file-read/chunk-reader-writer.go:71.3,74.25 1 0
big-file-read/chunk-reader-writer.go:74.25,76.3 1 0
big-file-read/chunk-reader-writer.go:80.2,80.25 1 0
big-file-read/chunk-reader-writer.go:80.25,86.3 5 0
big-file-read/chunk-reader-writer.go:90.2,90.15 1 0
big-file-read/chunk-reader-writer.go:90.15,93.17 3 0
big-file-read/chunk-reader-writer.go:93.17,95.4 1 0
big-file-read/chunk-reader-writer.go:96.3,97.17 2 0
big-file-read/chunk-reader-writer.go:97.17,99.4 1 0
big-file-read/chunk-reader-writer.go:103.2,105.6 2 0
big-file-read/chunk-reader-writer.go:105.6,106.10 1 0
big-file-read/chunk-reader-writer.go:109.21,123.14 5 0
big-file-read/chunk-reader-writer.go:126.24,133.14 4 0
big-file-read/chunk-reader-writer.go:135.11,136.36 1 0
big-file-read/chunk-reader-writer.go:136.36,139.13 3 0
big-file-read/chunk-reader-writer.go:140.10,140.24 1 0
big-file-read/chunk-reader-writer.go:140.24,145.19 3 0
big-file-read/chunk-reader-writer.go:145.19,147.16 2 0
big-file-read/chunk-reader-writer.go:151.5,151.47 1 0
big-file-read/chunk-reader-writer.go:151.47,153.6 1 0
big-file-read/chunk-reader-writer.go:158.5,159.19 2 0
big-file-read/chunk-reader-writer.go:159.19,165.6 2 0
big-file-read/chunk-reader-writer.go:167.5,171.22 5 0
big-file-read/chunk-reader-writer.go:175.2,175.78 1 0
big-file-read/chunk-reader-writer.go:178.64,185.43 4 1
big-file-read/chunk-reader-writer.go:185.43,188.3 2 1
big-file-read/chunk-reader-writer.go:192.2,192.28 1 1
big-file-read/chunk-reader-writer.go:192.28,195.13 3 1
big-file-read/chunk-reader-writer.go:195.13,197.4 1 1
big-file-read/chunk-reader-writer.go:198.3,198.9 1 1
big-file-read/chunk-reader-writer.go:201.2,201.12 1 1
big-file-read/chunk-reader-writer.go:201.12,204.3 2 1
big-file-read/chunk-reader-writer.go:206.2,208.26 3 1
big-file-read/chunk-reader-writer.go:211.38,217.16 4 0
big-file-read/chunk-reader-writer.go:217.16,220.3 2 0
big-file-read/chunk-reader-writer.go:222.2,222.34 1 0
big-file-read/chunk-reader-writer.go:222.34,225.3 2 0
big-file-read/chunk-reader-writer.go:227.2,228.27 2 0
big-file-read/main.go:13.13,23.44 6 0
big-file-read/main.go:23.44,25.3 1 0
big-file-read/main.go:33.49,35.16 2 0
big-file-read/main.go:35.16,39.3 3 0
big-file-read/main.go:41.2,50.3 2 0
big-file-read/main.go:53.49,55.9 2 0
big-file-read/main.go:55.9,61.3 2 0
big-file-read/main.go:62.2,62.23 1 0
big-file-read/main.go:62.23,73.3 2 0
big-file-read/main.go:74.2,74.27 1 0
big-file-read/main.go:74.27,76.3 1 0
